<?xml version="1.0" encoding="UTF-8"?>
<testsuite xmlns:xsi="http://www.w3.org/2001/XMLSchema-instance" xsi:noNamespaceSchemaLocation="https://maven.apache.org/surefire/maven-surefire-plugin/xsd/surefire-test-report-3.0.xsd" version="3.0" name="project.cucumberDD.testngTestRunner" time="39.3" tests="1" errors="0" skipped="0" failures="0">
  <properties>
[...]
</properties>
  <testcase name="runScenario[&quot;Add two item to cart&quot;, &quot;Go to ecommerce website&quot;](1)" classname="project.cucumberDD.testngTestRunner" time="37.257">
    <system-out><![CDATA[product successfully added in cart and also verified in checkout page: ZARA COAT 3
product successfully added in cart and also verified in checkout page: IPHONE 13 PRO
Succesfully ordered[ZARA COAT 3, IPHONE 13 PRO]
]]></system-out>
    <system-err><![CDATA[SLF4J(W): No SLF4J providers were found.
SLF4J(W): Defaulting to no-operation (NOP) logger implementation
SLF4J(W): See https://www.slf4j.org/codes.html#noProviders for further details.
]]></system-err>
  </testcase>
</testsuite>