<?xml version="1.0" encoding="UTF-8"?>
<testng-results ignored="0" total="1" passed="1" failed="0" skipped="0">
  <reporter-output>
  </reporter-output>
  <suite started-at="2024-02-26T12:59:36 IST" name="Surefire suite" finished-at="2024-02-26T13:00:14 IST" duration-ms="38157">
    <groups>
      <group name="cucumber">
        <method signature="AbstractTestNGCucumberTests.runScenario(io.cucumber.testng.PickleWrapper,io.cucumber.testng.FeatureWrapper)[pri:0, instance:project.cucumberDD.testngTestRunner@306e95ec]" name="runScenario" class="io.cucumber.testng.AbstractTestNGCucumberTests"/>
      </group> <!-- cucumber -->
    </groups>
    <test started-at="2024-02-26T12:59:36 IST" name="Surefire test" finished-at="2024-02-26T13:00:14 IST" duration-ms="38157">
      <class name="project.cucumberDD.testngTestRunner">
        <test-method is-config="true" signature="setUpClass(org.testng.ITestContext)[pri:0, instance:project.cucumberDD.testngTestRunner@306e95ec]" started-at="2024-02-26T12:59:36 IST" name="setUpClass" finished-at="2024-02-26T12:59:37 IST" duration-ms="769" status="PASS">
          <params>
            <param index="0">
              <value>
                <![CDATA[org.testng.TestRunner@6c479fdf]]>
              </value>
            </param>
          </params>
          <reporter-output>
          </reporter-output>
        </test-method> <!-- setUpClass -->
        <test-method signature="runScenario(io.cucumber.testng.PickleWrapper,io.cucumber.testng.FeatureWrapper)[pri:0, instance:project.cucumberDD.testngTestRunner@306e95ec]" started-at="2024-02-26T12:59:37 IST" name="runScenario" description="Runs Cucumber Scenarios" data-provider="scenarios" finished-at="2024-02-26T13:00:14 IST" duration-ms="37250" status="PASS">
          <params>
            <param index="0">
              <value>
                <![CDATA["Add two item to cart"]]>
              </value>
            </param>
            <param index="1">
              <value>
                <![CDATA["Go to ecommerce website"]]>
              </value>
            </param>
          </params>
          <reporter-output>
          </reporter-output>
        </test-method> <!-- runScenario -->
        <test-method is-config="true" signature="tearDownClass()[pri:0, instance:project.cucumberDD.testngTestRunner@306e95ec]" started-at="2024-02-26T13:00:14 IST" name="tearDownClass" finished-at="2024-02-26T13:00:14 IST" duration-ms="67" status="PASS">
          <reporter-output>
          </reporter-output>
        </test-method> <!-- tearDownClass -->
      </class> <!-- project.cucumberDD.testngTestRunner -->
    </test> <!-- Surefire test -->
  </suite> <!-- Surefire suite -->
</testng-results>
